<?xml version="1.0" encoding="UTF-8"?>
<testsuite xmlns:xsi="http://www.w3.org/2001/XMLSchema-instance" xsi:noNamespaceSchemaLocation="https://maven.apache.org/surefire/maven-surefire-plugin/xsd/surefire-test-report-3.0.xsd" version="3.0" name="TestSuite" time="51.622" tests="6" errors="0" skipped="6" failures="0">
  <properties>
[...]
</properties>
  <testcase name="runScenario[&quot;Validate the search box of app&quot;, &quot;Verify the search functionality&quot;](1)" classname="stepRunner.RunnerC" time="0">
    <skipped message="expected [mobi] but found [mobile]"/>
    <system-out><![CDATA[16:26:08 [TestNG-tests-1] INFO  org.Listeners.TestListener - Test started: runScenario
16:26:08 [TestNG-tests-2] INFO  org.Listeners.TestListener - Test started: runScenario

Scenario: Validate the search box of app # src/test/resources/features/searchProduct.feature:3

Scenario: Validate the search box of app # src/test/resources/features/searchProduct.feature:3
  Given User is on homepage              # stepDefinitions.SearchStepDef.user_is_on_homepage()
16:26:16 [TestNG-tests-1] INFO  org.Utilities.ElementAction - Typing into element: [[ChromeDriver: chrome on windows (040d2ef1f006a35939a1e0c1bf09d42e)] -> name: q] | Text: mobile
16:26:16 [TestNG-tests-1] INFO  org.Utilities.ElementAction - Text entered successfully
16:26:16 [TestNG-tests-1] INFO  org.Utilities.ElementAction - Attempting to click on element: [[ChromeDriver: chrome on windows (040d2ef1f006a35939a1e0c1bf09d42e)] -> xpath: //input[@name = 'q']/parent::div/preceding-sibling::button]
  Given User is on homepage              # stepDefinitions.SearchStepDef.user_is_on_homepage()
16:26:18 [TestNG-tests-2] INFO  org.Utilities.ElementAction - Typing into element: [[FirefoxDriver: firefox on windows (8fb8787b-7d54-457c-9a27-cb3a85f5a264)] -> name: q] | Text: mobile
16:26:19 [TestNG-tests-2] INFO  org.Utilities.ElementAction - Text entered successfully
16:26:19 [TestNG-tests-2] INFO  org.Utilities.ElementAction - Attempting to click on element: [[FirefoxDriver: firefox on windows (8fb8787b-7d54-457c-9a27-cb3a85f5a264)] -> xpath: //input[@name = 'q']/parent::div/preceding-sibling::button]
16:26:51 [TestNG-tests-1] INFO  org.Utilities.ElementAction - Clicked on element: Proxy element for: DefaultElementLocator 'By.xpath: //input[@name = 'q']/parent::div/preceding-sibling::button'
  When User enter "mobile" in searchbox  # stepDefinitions.SearchStepDef.user_enter_in_searchbox(java.lang.String)
16:26:51 [TestNG-tests-1] INFO  org.Utilities.ElementAction - Getting text from element: [[ChromeDriver: chrome on windows (040d2ef1f006a35939a1e0c1bf09d42e)] -> xpath: //span[text() = 'mobile']]
16:26:52 [TestNG-tests-1] INFO  org.Utilities.ElementAction - Text retrieved: mobile
  Then User should get all result        # stepDefinitions.SearchStepDef.user_should_get_all_result()
      java.lang.AssertionError: expected [mobi] but found [mobile]
	at org.testng.Assert.fail(Assert.java:111)
	at org.testng.Assert.failNotEquals(Assert.java:1590)
	at org.testng.Assert.assertEqualsImpl(Assert.java:150)
	at org.testng.Assert.assertEquals(Assert.java:132)
	at org.testng.Assert.assertEquals(Assert.java:656)
	at org.testng.Assert.assertEquals(Assert.java:666)
	at stepDefinitions.SearchStepDef.user_should_get_all_result(SearchStepDef.java:32)
	at âœ½.User should get all result(file:///E:/JD/CuBDD/src/test/resources/features/searchProduct.feature:6)

16:26:52 [TestNG-tests-1] WARN  org.Listeners.RetryMech - Retrying test: runScenario | Attempt: 1
]]></system-out>
    <system-err><![CDATA[SLF4J(W): No SLF4J providers were found.
SLF4J(W): Defaulting to no-operation (NOP) logger implementation
SLF4J(W): See https://www.slf4j.org/codes.html#noProviders for further details.
]]></system-err>
  </testcase>
  <testcase name="runScenario[&quot;Validate the search box of app&quot;, &quot;Verify the search functionality&quot;](1)" classname="stepRunner.RunnerC" time="0">
    <skipped message="expected [mobi] but found [mobile]"/>
    <system-out><![CDATA[16:26:52 [TestNG-tests-1] INFO  org.Listeners.TestListener - Test started: runScenario

Scenario: Validate the search box of app # src/test/resources/features/searchProduct.feature:3
      java.lang.RuntimeException: Browser not set. Use setBrowser() before initDriver().
	at org.DriverManager.DriverSetUp.initDriver(DriverSetUp.java:22)
	at hooks.Hooks.setUp(Hooks.java:17)

  Given User is on homepage              # stepDefinitions.SearchStepDef.user_is_on_homepage()
  When User enter "mobile" in searchbox  # stepDefinitions.SearchStepDef.user_enter_in_searchbox(java.lang.String)
  Then User should get all result        # stepDefinitions.SearchStepDef.user_should_get_all_result()
16:26:52 [TestNG-tests-1] ERROR org.Listeners.TestListener - Test failed: runScenario
java.lang.RuntimeException: Browser not set. Use setBrowser() before initDriver().
	at org.DriverManager.DriverSetUp.initDriver(DriverSetUp.java:22) ~[classes/:?]
	at hooks.Hooks.setUp(Hooks.java:17) ~[test-classes/:?]
16:26:52 [TestNG-tests-1] ERROR org.Listeners.TestListener - Test failed: runScenario
java.lang.NullPointerException: Cannot invoke "org.openqa.selenium.TakesScreenshot.getScreenshotAs(org.openqa.selenium.OutputType)" because the return value of "org.DriverManager.DriverSetUp.getDriver()" is null
	at org.Utilities.ScreenshotUtil.captureScreenshot(ScreenshotUtil.java:16) ~[classes/:?]
	at org.Listeners.TestListener.onTestFailure(TestListener.java:46) ~[classes/:?]
	at org.testng.internal.TestListenerHelper.runTestListeners(TestListenerHelper.java:115) ~[testng-7.11.0.jar:7.11.0]
	at org.testng.internal.invokers.TestInvoker.runTestResultListener(TestInvoker.java:285) ~[testng-7.11.0.jar:7.11.0]
	at org.testng.internal.invokers.TestInvoker.invokeMethod(TestInvoker.java:777) ~[testng-7.11.0.jar:7.11.0]
	at org.testng.internal.invokers.TestInvoker.retryFailed(TestInvoker.java:269) ~[testng-7.11.0.jar:7.11.0]
	at org.testng.internal.invokers.MethodRunner.runInSequence(MethodRunner.java:76) ~[testng-7.11.0.jar:7.11.0]
	at org.testng.internal.invokers.TestInvoker$MethodInvocationAgent.invoke(TestInvoker.java:995) ~[testng-7.11.0.jar:7.11.0]
	at org.testng.internal.invokers.TestInvoker.invokeTestMethods(TestInvoker.java:203) ~[testng-7.11.0.jar:7.11.0]
	at org.testng.internal.invokers.TestMethodWorker.invokeTestMethods(TestMethodWorker.java:154) ~[testng-7.11.0.jar:7.11.0]
	at org.testng.internal.invokers.TestMethodWorker.run(TestMethodWorker.java:134) ~[testng-7.11.0.jar:7.11.0]
	at java.util.ArrayList.forEach(ArrayList.java:1511) ~[?:?]
	at org.testng.TestRunner.privateRun(TestRunner.java:741) ~[testng-7.11.0.jar:7.11.0]
	at org.testng.TestRunner.run(TestRunner.java:616) ~[testng-7.11.0.jar:7.11.0]
	at org.testng.SuiteRunner.runTest(SuiteRunner.java:421) ~[testng-7.11.0.jar:7.11.0]
	at org.testng.SuiteRunner$SuiteWorker.run(SuiteRunner.java:463) ~[testng-7.11.0.jar:7.11.0]
	at org.testng.internal.thread.ThreadUtil.lambda$execute$0(ThreadUtil.java:64) ~[testng-7.11.0.jar:7.11.0]
	at java.util.concurrent.FutureTask.run(FutureTask.java:264) [?:?]
	at java.util.concurrent.ThreadPoolExecutor.runWorker(ThreadPoolExecutor.java:1136) [?:?]
	at java.util.concurrent.ThreadPoolExecutor$Worker.run(ThreadPoolExecutor.java:635) [?:?]
	at java.lang.Thread.run(Thread.java:833) [?:?]
16:26:55 [TestNG-tests-2] INFO  org.Utilities.ElementAction - Clicked on element: Proxy element for: DefaultElementLocator 'By.xpath: //input[@name = 'q']/parent::div/preceding-sibling::button'
  When User enter "mobile" in searchbox  # stepDefinitions.SearchStepDef.user_enter_in_searchbox(java.lang.String)
16:26:55 [TestNG-tests-2] INFO  org.Utilities.ElementAction - Getting text from element: [[FirefoxDriver: firefox on windows (8fb8787b-7d54-457c-9a27-cb3a85f5a264)] -> xpath: //span[text() = 'mobile']]
16:26:55 [TestNG-tests-2] INFO  org.Utilities.ElementAction - Text retrieved: mobile
  Then User should get all result        # stepDefinitions.SearchStepDef.user_should_get_all_result()
      java.lang.AssertionError: expected [mobi] but found [mobile]
	at org.testng.Assert.fail(Assert.java:111)
	at org.testng.Assert.failNotEquals(Assert.java:1590)
	at org.testng.Assert.assertEqualsImpl(Assert.java:150)
	at org.testng.Assert.assertEquals(Assert.java:132)
	at org.testng.Assert.assertEquals(Assert.java:656)
	at org.testng.Assert.assertEquals(Assert.java:666)
	at stepDefinitions.SearchStepDef.user_should_get_all_result(SearchStepDef.java:32)
	at âœ½.User should get all result(file:///E:/JD/CuBDD/src/test/resources/features/searchProduct.feature:6)

16:26:56 [TestNG-tests-2] WARN  org.Listeners.RetryMech - Retrying test: runScenario | Attempt: 1
]]></system-out>
    <system-err><![CDATA[┌───────────────────────────────────────────────────────────────────────────────────┐
│ Share your Cucumber Report with your team at https://reports.cucumber.io          │
│ Activate publishing with one of the following:                                    │
│                                                                                   │
│ src/test/resources/cucumber.properties:          cucumber.publish.enabled=true    │
│ src/test/resources/junit-platform.properties:    cucumber.publish.enabled=true    │
│ Environment variable:                            CUCUMBER_PUBLISH_ENABLED=true    │
│ JUnit:                                           @CucumberOptions(publish = true) │
│                                                                                   │
│ More information at https://cucumber.io/docs/cucumber/environment-variables/      │
│                                                                                   │
│ Disable this message with one of the following:                                   │
│                                                                                   │
│ src/test/resources/cucumber.properties:          cucumber.publish.quiet=true      │
│ src/test/resources/junit-platform.properties:    cucumber.publish.quiet=true      │
└───────────────────────────────────────────────────────────────────────────────────┘
]]></system-err>
  </testcase>
  <testcase name="runScenario[&quot;Validate the search box of app&quot;, &quot;Verify the search functionality&quot;](2)" classname="stepRunner.RunnerC" time="0">
    <skipped message="Browser not set. Use setBrowser() before initDriver()."/>
    <system-out><![CDATA[16:26:52 [TestNG-tests-1] INFO  org.Listeners.TestListener - Test started: runScenario

Scenario: Validate the search box of app # src/test/resources/features/searchProduct.feature:3
      java.lang.RuntimeException: Browser not set. Use setBrowser() before initDriver().
	at org.DriverManager.DriverSetUp.initDriver(DriverSetUp.java:22)
	at hooks.Hooks.setUp(Hooks.java:17)

  Given User is on homepage              # stepDefinitions.SearchStepDef.user_is_on_homepage()
  When User enter "mobile" in searchbox  # stepDefinitions.SearchStepDef.user_enter_in_searchbox(java.lang.String)
  Then User should get all result        # stepDefinitions.SearchStepDef.user_should_get_all_result()
16:26:52 [TestNG-tests-1] WARN  org.Listeners.RetryMech - Retrying test: runScenario | Attempt: 2
]]></system-out>
  </testcase>
  <testcase name="runScenario[&quot;Validate the search box of app&quot;, &quot;Verify the search functionality&quot;](2)" classname="stepRunner.RunnerC" time="0">
    <skipped message="Browser not set. Use setBrowser() before initDriver()."/>
    <system-out><![CDATA[16:26:56 [TestNG-tests-2] INFO  org.Listeners.TestListener - Test started: runScenario

Scenario: Validate the search box of app # src/test/resources/features/searchProduct.feature:3
      java.lang.RuntimeException: Browser not set. Use setBrowser() before initDriver().
	at org.DriverManager.DriverSetUp.initDriver(DriverSetUp.java:22)
	at hooks.Hooks.setUp(Hooks.java:17)

  Given User is on homepage              # stepDefinitions.SearchStepDef.user_is_on_homepage()
  When User enter "mobile" in searchbox  # stepDefinitions.SearchStepDef.user_enter_in_searchbox(java.lang.String)
  Then User should get all result        # stepDefinitions.SearchStepDef.user_should_get_all_result()
16:26:56 [TestNG-tests-2] WARN  org.Listeners.RetryMech - Retrying test: runScenario | Attempt: 2
]]></system-out>
  </testcase>
  <testcase name="runScenario[&quot;Validate the search box of app&quot;, &quot;Verify the search functionality&quot;](3)" classname="stepRunner.RunnerC" time="0">
    <skipped message="Browser not set. Use setBrowser() before initDriver()."/>
    <system-out><![CDATA[16:26:52 [TestNG-tests-1] INFO  org.Listeners.TestListener - Test started: runScenario

Scenario: Validate the search box of app # src/test/resources/features/searchProduct.feature:3
      java.lang.RuntimeException: Browser not set. Use setBrowser() before initDriver().
	at org.DriverManager.DriverSetUp.initDriver(DriverSetUp.java:22)
	at hooks.Hooks.setUp(Hooks.java:17)

  Given User is on homepage              # stepDefinitions.SearchStepDef.user_is_on_homepage()
  When User enter "mobile" in searchbox  # stepDefinitions.SearchStepDef.user_enter_in_searchbox(java.lang.String)
  Then User should get all result        # stepDefinitions.SearchStepDef.user_should_get_all_result()
16:26:52 [TestNG-tests-1] WARN  org.Listeners.RetryMech - Retrying test: runScenario | Attempt: 3
]]></system-out>
  </testcase>
  <testcase name="runScenario[&quot;Validate the search box of app&quot;, &quot;Verify the search functionality&quot;](3)" classname="stepRunner.RunnerC" time="0">
    <skipped message="Browser not set. Use setBrowser() before initDriver()."/>
    <system-out><![CDATA[16:26:56 [TestNG-tests-2] INFO  org.Listeners.TestListener - Test started: runScenario

Scenario: Validate the search box of app # src/test/resources/features/searchProduct.feature:3
      java.lang.RuntimeException: Browser not set. Use setBrowser() before initDriver().
	at org.DriverManager.DriverSetUp.initDriver(DriverSetUp.java:22)
	at hooks.Hooks.setUp(Hooks.java:17)

  Given User is on homepage              # stepDefinitions.SearchStepDef.user_is_on_homepage()
  When User enter "mobile" in searchbox  # stepDefinitions.SearchStepDef.user_enter_in_searchbox(java.lang.String)
  Then User should get all result        # stepDefinitions.SearchStepDef.user_should_get_all_result()
16:26:56 [TestNG-tests-2] WARN  org.Listeners.RetryMech - Retrying test: runScenario | Attempt: 3
]]></system-out>
  </testcase>
</testsuite>